<?xml version="1.0" encoding="UTF-8"?>
<testsuite xmlns:xsi="http://www.w3.org/2001/XMLSchema-instance" xsi:noNamespaceSchemaLocation="https://maven.apache.org/surefire/maven-surefire-plugin/xsd/surefire-test-report.xsd" version="3.0.2" name="com.supvz.requests_service.service.RequestAssignmentServiceTest" time="0.291" tests="9" errors="0" skipped="0" failures="0">
  <properties>
[...]
</properties>
  <testcase name="read__RequestAssignmentNotFound__ThrowsException" classname="com.supvz.requests_service.service.RequestAssignmentServiceTest" time="0.175">
    <system-out><![CDATA[03:18:20.986 [main] INFO com.supvz.requests_service.service.impl.RequestAssignmentServiceImpl -- READ REQUEST ASSIGNMENT [1].
]]></system-out>
  </testcase>
  <testcase name="read__ReturnsRequestAssignmentDto" classname="com.supvz.requests_service.service.RequestAssignmentServiceTest" time="0.028">
    <system-out><![CDATA[03:18:21.007 [main] INFO com.supvz.requests_service.service.impl.RequestAssignmentServiceImpl -- READ REQUEST ASSIGNMENT [1].
]]></system-out>
  </testcase>
  <testcase name="create__ReturnsRequestAssignmentDto" classname="com.supvz.requests_service.service.RequestAssignmentServiceTest" time="0.012">
    <system-out><![CDATA[03:18:21.036 [main] INFO com.supvz.requests_service.service.impl.RequestAssignmentServiceImpl -- CREATE REQUEST [1] ASSIGNMENT BY HANDYMAN [7329b311-7ba8-4c1b-a836-4ccc7f9936a1].
03:18:21.038 [main] INFO com.supvz.requests_service.service.impl.RequestAssignmentServiceImpl -- REQUEST ASSIGNMENT [1] IS CREATED BY HANDYMAN [7329b311-7ba8-4c1b-a836-4ccc7f9936a1].
]]></system-out>
  </testcase>
  <testcase name="update__ReturnsRequestDto" classname="com.supvz.requests_service.service.RequestAssignmentServiceTest" time="0.015">
    <system-out><![CDATA[03:18:21.049 [main] INFO com.supvz.requests_service.service.impl.RequestAssignmentServiceImpl -- UPDATE REQUEST ASSIGNMENT [1]. Payload [RequestAssignmentUpdatePayload[status=CONFIRMED, handymanId=e46cd5d6-27fd-4ffc-a7cf-4e552e9276a0, description=newDescription]].
03:18:21.053 [main] INFO com.supvz.requests_service.service.impl.RequestAssignmentServiceImpl -- REQUEST ASSIGNMENT [1] IS UPDATED.
]]></system-out>
  </testcase>
  <testcase name="delete__RequestAssignmentNotFound__ThrowsException" classname="com.supvz.requests_service.service.RequestAssignmentServiceTest" time="0.007">
    <system-out><![CDATA[03:18:21.061 [main] INFO com.supvz.requests_service.service.impl.RequestAssignmentServiceImpl -- DELETE REQUEST ASSIGNMENT [1].
]]></system-out>
  </testcase>
  <testcase name="readAll__ReturnsPageDto" classname="com.supvz.requests_service.service.RequestAssignmentServiceTest" time="0.015">
    <system-out><![CDATA[03:18:21.075 [main] INFO com.supvz.requests_service.service.impl.RequestAssignmentServiceImpl -- READ REQUEST [1] ASSIGNMENTS PAGE. PAGE [0], SIZE [5].
]]></system-out>
  </testcase>
  <testcase name="create__RequestNotFound__ThrowsException" classname="com.supvz.requests_service.service.RequestAssignmentServiceTest" time="0.01">
    <system-out><![CDATA[03:18:21.091 [main] INFO com.supvz.requests_service.service.impl.RequestAssignmentServiceImpl -- CREATE REQUEST [1] ASSIGNMENT BY HANDYMAN [e0c05ddf-80ba-4b73-8aa1-ab6db9498702].
]]></system-out>
  </testcase>
  <testcase name="update__RequestAssignmentNotFound__ThrowsException" classname="com.supvz.requests_service.service.RequestAssignmentServiceTest" time="0.007">
    <system-out><![CDATA[03:18:21.099 [main] INFO com.supvz.requests_service.service.impl.RequestAssignmentServiceImpl -- UPDATE REQUEST ASSIGNMENT [1]. Payload [RequestAssignmentUpdatePayload[status=CONFIRMED, handymanId=c60843be-4d81-42d1-92d8-ff10807ee8eb, description=newDescription]].
]]></system-out>
  </testcase>
  <testcase name="delete__DoesNotThrowsException" classname="com.supvz.requests_service.service.RequestAssignmentServiceTest" time="0.01">
    <system-out><![CDATA[03:18:21.108 [main] INFO com.supvz.requests_service.service.impl.RequestAssignmentServiceImpl -- DELETE REQUEST ASSIGNMENT [1].
03:18:21.110 [main] INFO com.supvz.requests_service.service.impl.RequestAssignmentServiceImpl -- REQUEST ASSIGNMENT [1] IS DELETED.
]]></system-out>
  </testcase>
</testsuite>